1626706117246	geckodriver	INFO	Listening on 127.0.0.1:41375
1626706117252	mozrunner::runner	INFO	Running command: "/usr/bin/firefox" "--marionette" "-foreground" "-no-remote" "-profile" "/tmp/rust_mozprofile7ZtgGa"
1626706117660	Marionette	INFO	Marionette enabled
console.warn: SearchSettings: "get: No settings file exists, new profile?" (new NotFoundError("Could not open the file at /tmp/rust_mozprofile7ZtgGa/search.json.mozlz4", (void 0)))
1626706119037	Marionette	INFO	Listening on port 36981
1626706119080	Marionette	WARN	TLS certificate errors will be ignored for this session
JavaScript error: https://www.riachuelo.com.br/static/version1623357894/_cache/merged/2b20e903505601d51565e3e47f0b13df.min.js, line 16: Error: Script error for: scala
http://requirejs.org/docs/errors.html#scripterror
JavaScript error: https://www.riachuelo.com.br/static/version1623357894/_cache/merged/2b20e903505601d51565e3e47f0b13df.min.js, line 16: Error: Script error for: RCHLO_Catalog/js/view/elements/range-slider
http://requirejs.org/docs/errors.html#scripterror
JavaScript error: https://www.riachuelo.com.br/static/version1623357894/_cache/merged/2b20e903505601d51565e3e47f0b13df.min.js, line 16: Error: Script error for: Magento_Ui/js/lib/knockout/bindings/resizable
http://requirejs.org/docs/errors.html#scripterror
JavaScript error: https://www.riachuelo.com.br/static/version1623357894/_cache/merged/2b20e903505601d51565e3e47f0b13df.min.js, line 16: Error: Script error for: Magento_Ui/js/lib/knockout/bindings/i18n
http://requirejs.org/docs/errors.html#scripterror
JavaScript error: https://www.riachuelo.com.br/static/version1623357894/_cache/merged/2b20e903505601d51565e3e47f0b13df.min.js, line 16: Error: Script error for: Magento_Ui/js/lib/knockout/bindings/scope
http://requirejs.org/docs/errors.html#scripterror
JavaScript error: https://www.riachuelo.com.br/static/version1623357894/_cache/merged/2b20e903505601d51565e3e47f0b13df.min.js, line 16: Error: Script error for: Magento_Ui/js/lib/knockout/bindings/range
http://requirejs.org/docs/errors.html#scripterror
JavaScript error: https://www.riachuelo.com.br/static/version1623357894/_cache/merged/2b20e903505601d51565e3e47f0b13df.min.js, line 16: Error: Script error for: Magento_Ui/js/lib/knockout/bindings/mage-init
http://requirejs.org/docs/errors.html#scripterror
JavaScript error: https://www.riachuelo.com.br/static/version1623357894/_cache/merged/2b20e903505601d51565e3e47f0b13df.min.js, line 16: Error: Script error for: Magento_Ui/js/lib/knockout/bindings/keyboard
http://requirejs.org/docs/errors.html#scripterror
JavaScript error: https://www.riachuelo.com.br/static/version1623357894/_cache/merged/2b20e903505601d51565e3e47f0b13df.min.js, line 16: Error: Script error for: Magento_Ui/js/lib/knockout/bindings/optgroup
http://requirejs.org/docs/errors.html#scripterror
JavaScript error: https://www.riachuelo.com.br/static/version1623357894/_cache/merged/2b20e903505601d51565e3e47f0b13df.min.js, line 16: Error: Script error for: Magento_Ui/js/lib/knockout/bindings/autoselect
http://requirejs.org/docs/errors.html#scripterror
JavaScript error: https://www.riachuelo.com.br/static/version1623357894/_cache/merged/2b20e903505601d51565e3e47f0b13df.min.js, line 16: Error: Script error for: Magento_Ui/js/lib/knockout/bindings/after-render
http://requirejs.org/docs/errors.html#scripterror
JavaScript error: https://www.riachuelo.com.br/static/version1623357894/_cache/merged/2b20e903505601d51565e3e47f0b13df.min.js, line 16: Error: Script error for: Magento_Ui/js/lib/knockout/bindings/datepicker
http://requirejs.org/docs/errors.html#scripterror
JavaScript error: https://www.riachuelo.com.br/static/version1623357894/_cache/merged/2b20e903505601d51565e3e47f0b13df.min.js, line 16: Error: Script error for: Magento_Ui/js/lib/knockout/bindings/outer_click
http://requirejs.org/docs/errors.html#scripterror
JavaScript error: https://www.riachuelo.com.br/static/version1623357894/_cache/merged/2b20e903505601d51565e3e47f0b13df.min.js, line 16: Error: Script error for: Magento_Ui/js/lib/knockout/bindings/fadeVisible
http://requirejs.org/docs/errors.html#scripterror
JavaScript error: https://www.riachuelo.com.br/static/version1623357894/_cache/merged/2b20e903505601d51565e3e47f0b13df.min.js, line 16: Error: Script error for: Magento_Ui/js/lib/knockout/bindings/collapsible
http://requirejs.org/docs/errors.html#scripterror
JavaScript error: https://www.riachuelo.com.br/static/version1623357894/_cache/merged/2b20e903505601d51565e3e47f0b13df.min.js, line 16: Error: Script error for: Magento_Ui/js/lib/knockout/bindings/staticChecked
http://requirejs.org/docs/errors.html#scripterror
JavaScript error: https://www.riachuelo.com.br/static/version1623357894/_cache/merged/2b20e903505601d51565e3e47f0b13df.min.js, line 16: Error: Script error for: Magento_Ui/js/lib/knockout/bindings/simple-checked
http://requirejs.org/docs/errors.html#scripterror
JavaScript error: https://www.riachuelo.com.br/static/version1623357894/_cache/merged/2b20e903505601d51565e3e47f0b13df.min.js, line 16: Error: Script error for: Magento_Ui/js/lib/knockout/bindings/bind-html
http://requirejs.org/docs/errors.html#scripterror
JavaScript error: https://www.riachuelo.com.br/static/version1623357894/_cache/merged/2b20e903505601d51565e3e47f0b13df.min.js, line 16: Error: Script error for: Magento_Ui/js/lib/knockout/bindings/tooltip
http://requirejs.org/docs/errors.html#scripterror
JavaScript error: https://www.riachuelo.com.br/static/version1623357894/_cache/merged/2b20e903505601d51565e3e47f0b13df.min.js, line 16: Error: Script error for: Magento_Ui/js/lib/knockout/bindings/color-picker
http://requirejs.org/docs/errors.html#scripterror
JavaScript error: https://www.riachuelo.com.br/static/version1623357894/_cache/merged/2b20e903505601d51565e3e47f0b13df.min.js, line 16: Error: Script error for: globalCart
http://requirejs.org/docs/errors.html#scripterror
JavaScript error: https://www.riachuelo.com.br/static/version1623357894/_cache/merged/2b20e903505601d51565e3e47f0b13df.min.js, line 16: Error: Script error for: owlcarousel
http://requirejs.org/docs/errors.html#scripterror
JavaScript error: https://www.riachuelo.com.br/static/version1623357894/_cache/merged/2b20e903505601d51565e3e47f0b13df.min.js, line 16: Error: Script error for: embedVideo
http://requirejs.org/docs/errors.html#scripterror
JavaScript error: https://www.riachuelo.com.br/static/version1623357894/_cache/merged/2b20e903505601d51565e3e47f0b13df.min.js, line 16: Error: Script error for: login
http://requirejs.org/docs/errors.html#scripterror
JavaScript error: https://www.riachuelo.com.br/static/version1623357894/_cache/merged/2b20e903505601d51565e3e47f0b13df.min.js, line 16: Error: Script error for: mage/utils/arrays
http://requirejs.org/docs/errors.html#scripterror
JavaScript error: https://www.riachuelo.com.br/static/version1623357894/_cache/merged/2b20e903505601d51565e3e47f0b13df.min.js, line 16: Error: Script error for: mage/utils/compare
http://requirejs.org/docs/errors.html#scripterror
JavaScript error: https://www.riachuelo.com.br/static/version1623357894/_cache/merged/2b20e903505601d51565e3e47f0b13df.min.js, line 16: Error: Script error for: mage/utils/misc
http://requirejs.org/docs/errors.html#scripterror
JavaScript error: https://www.riachuelo.com.br/static/version1623357894/_cache/merged/2b20e903505601d51565e3e47f0b13df.min.js, line 16: Error: Script error for: mage/utils/objects
http://requirejs.org/docs/errors.html#scripterror
JavaScript error: https://www.riachuelo.com.br/static/version1623357894/_cache/merged/2b20e903505601d51565e3e47f0b13df.min.js, line 16: Error: Script error for: mage/utils/strings
http://requirejs.org/docs/errors.html#scripterror
JavaScript error: https://www.riachuelo.com.br/static/version1623357894/_cache/merged/2b20e903505601d51565e3e47f0b13df.min.js, line 16: Error: Script error for: mage/utils/template
http://requirejs.org/docs/errors.html#scripterror
JavaScript error: https://www.riachuelo.com.br/static/version1623357894/frontend/Corra/webjump/pt_BR/mage/requirejs/text.min.js, line 8: Error: https://www.riachuelo.com.br/static/version1623357894/frontend/Corra/webjump/pt_BR/js-translation.json HTTP status: 403
JavaScript error: https://www.riachuelo.com.br/static/version1623357894/_cache/merged/2b20e903505601d51565e3e47f0b13df.min.js, line 16: Error: Script error for: Magento_Ui/js/lib/core/element/links
http://requirejs.org/docs/errors.html#scripterror
JavaScript error: https://www.riachuelo.com.br/static/version1623357894/_cache/merged/2b20e903505601d51565e3e47f0b13df.min.js, line 16: Error: Script error for: Magento_Ui/js/lib/logger/logger
http://requirejs.org/docs/errors.html#scripterror
JavaScript error: https://www.riachuelo.com.br/static/version1623357894/_cache/merged/2b20e903505601d51565e3e47f0b13df.min.js, line 16: Error: Script error for: Magento_Ui/js/lib/logger/entry-factory
http://requirejs.org/docs/errors.html#scripterror
JavaScript error: https://www.riachuelo.com.br/static/version1623357894/_cache/merged/2b20e903505601d51565e3e47f0b13df.min.js, line 16: Error: Script error for: Magento_Ui/js/lib/logger/console-output-handler
http://requirejs.org/docs/errors.html#scripterror
JavaScript error: https://www.riachuelo.com.br/static/version1623357894/_cache/merged/2b20e903505601d51565e3e47f0b13df.min.js, line 16: Error: Script error for: Magento_Ui/js/lib/logger/formatter
http://requirejs.org/docs/errors.html#scripterror
JavaScript error: https://www.riachuelo.com.br/static/version1623357894/_cache/merged/2b20e903505601d51565e3e47f0b13df.min.js, line 16: Error: Script error for: Magento_Ui/js/lib/logger/message-pool
http://requirejs.org/docs/errors.html#scripterror
JavaScript error: https://www.riachuelo.com.br/static/version1623357894/_cache/merged/2b20e903505601d51565e3e47f0b13df.min.js, line 16: Error: Script error for: Magento_Ui/js/lib/logger/levels-pool
http://requirejs.org/docs/errors.html#scripterror
JavaScript error: https://www.riachuelo.com.br/static/version1623357894/_cache/merged/2b20e903505601d51565e3e47f0b13df.min.js, line 16: Error: Script error for: Magento_Ui/js/lib/logger/logger-utils
http://requirejs.org/docs/errors.html#scripterror
JavaScript error: https://www.riachuelo.com.br/static/version1623357894/_cache/merged/2b20e903505601d51565e3e47f0b13df.min.js, line 16: Error: Script error for: Magento_Ui/js/lib/knockout/template/loader
http://requirejs.org/docs/errors.html#scripterror
JavaScript error: https://www.riachuelo.com.br/static/version1623357894/_cache/merged/2b20e903505601d51565e3e47f0b13df.min.js, line 16: Error: Script error for: RCHLO_OnePageCheckout/js/action/address-by-zipcode
http://requirejs.org/docs/errors.html#scripterror
JavaScript error: , line 0: uncaught exception: Object
1626706124792	Marionette	INFO	Stopped listening on port 36981

###!!! [Parent][RunMessage] Error: Channel closing: too late to send/recv, messages will be lost

