1626865774212	geckodriver	INFO	Listening on 127.0.0.1:34751
1626865774219	mozrunner::runner	INFO	Running command: "/usr/bin/firefox" "--marionette" "-foreground" "-no-remote" "-profile" "/tmp/rust_mozprofiletBmRnK"
1626865774700	Marionette	INFO	Marionette enabled
console.warn: SearchSettings: "get: No settings file exists, new profile?" (new NotFoundError("Could not open the file at /tmp/rust_mozprofiletBmRnK/search.json.mozlz4", (void 0)))
1626865776143	Marionette	INFO	Listening on port 37005
1626865776237	Marionette	WARN	TLS certificate errors will be ignored for this session
JavaScript error: https://www.riachuelo.com.br/static/version1623357894/_cache/merged/2b20e903505601d51565e3e47f0b13df.min.js, line 16: Error: Script error for: globalCart
http://requirejs.org/docs/errors.html#scripterror
JavaScript error: https://www.riachuelo.com.br/static/version1623357894/_cache/merged/2b20e903505601d51565e3e47f0b13df.min.js, line 16: Error: Script error for: owlcarousel
http://requirejs.org/docs/errors.html#scripterror
JavaScript error: https://www.riachuelo.com.br/static/version1623357894/_cache/merged/2b20e903505601d51565e3e47f0b13df.min.js, line 16: Error: Script error for: embedVideo
http://requirejs.org/docs/errors.html#scripterror
JavaScript error: https://www.riachuelo.com.br/static/version1623357894/_cache/merged/2b20e903505601d51565e3e47f0b13df.min.js, line 16: Error: Script error for: login
http://requirejs.org/docs/errors.html#scripterror
JavaScript error: https://www.riachuelo.com.br/static/version1623357894/_cache/merged/2b20e903505601d51565e3e47f0b13df.min.js, line 16: Error: Script error for: RCHLO_OnePageCheckout/js/action/address-by-zipcode
http://requirejs.org/docs/errors.html#scripterror
JavaScript error: https://www.riachuelo.com.br/static/version1623357894/_cache/merged/2b20e903505601d51565e3e47f0b13df.min.js, line 16: Error: Script error for: pageChecker
http://requirejs.org/docs/errors.html#scripterror
JavaScript error: https://www.riachuelo.com.br/static/version1623357894/_cache/merged/2b20e903505601d51565e3e47f0b13df.min.js, line 16: Error: Script error for: RCHLO_Catalog/js/view/product/color-swatch
http://requirejs.org/docs/errors.html#scripterror
JavaScript error: https://www.riachuelo.com.br/static/version1623357894/_cache/merged/2b20e903505601d51565e3e47f0b13df.min.js, line 16: Error: Script error for: RCHLO_Catalog/js/view/product/price
http://requirejs.org/docs/errors.html#scripterror
JavaScript error: https://www.riachuelo.com.br/static/version1623357894/_cache/merged/2b20e903505601d51565e3e47f0b13df.min.js, line 16: Error: Script error for: RCHLO_Catalog/js/util/selector
http://requirejs.org/docs/errors.html#scripterror
JavaScript error: https://www.riachuelo.com.br/static/version1623357894/_cache/merged/2b20e903505601d51565e3e47f0b13df.min.js, line 16: Error: Script error for: RCHLO_Catalog/js/view/elements/dropdown
http://requirejs.org/docs/errors.html#scripterror
JavaScript error: https://www.riachuelo.com.br/static/version1623357894/_cache/merged/2b20e903505601d51565e3e47f0b13df.min.js, line 16: Error: Script error for: RCHLO_Catalog/js/view/elements/multiselect-dropdown
http://requirejs.org/docs/errors.html#scripterror
JavaScript error: https://www.riachuelo.com.br/static/version1623357894/_cache/merged/2b20e903505601d51565e3e47f0b13df.min.js, line 16: Error: Script error for: RCHLO_Catalog/js/view/elements/multilevel-dropdown
http://requirejs.org/docs/errors.html#scripterror
JavaScript error: https://www.riachuelo.com.br/static/version1623357894/_cache/merged/2b20e903505601d51565e3e47f0b13df.min.js, line 16: Error: Script error for: RCHLO_Catalog/js/view/elements/range-slider
http://requirejs.org/docs/errors.html#scripterror
JavaScript error: https://www.riachuelo.com.br/static/version1623357894/_cache/merged/2b20e903505601d51565e3e47f0b13df.min.js, line 16: Error: Script error for: Magento_Ui/js/lib/core/element/links
http://requirejs.org/docs/errors.html#scripterror
JavaScript error: https://www.riachuelo.com.br/static/version1623357894/_cache/merged/2b20e903505601d51565e3e47f0b13df.min.js, line 16: Error: Script error for: FormData
http://requirejs.org/docs/errors.html#scripterror
JavaScript error: https://www.riachuelo.com.br/static/version1623357894/_cache/merged/2b20e903505601d51565e3e47f0b13df.min.js, line 16: Error: Script error for: MutationObserver
http://requirejs.org/docs/errors.html#scripterror
1626865796812	Marionette	INFO	Stopped listening on port 37005

###!!! [Parent][RunMessage] Error: Channel closing: too late to send/recv, messages will be lost

