1626865009358	geckodriver	INFO	Listening on 127.0.0.1:40031
1626865009364	mozrunner::runner	INFO	Running command: "/usr/bin/firefox" "--marionette" "-foreground" "-no-remote" "-profile" "/tmp/rust_mozprofileEi2mV0"
1626865009814	Marionette	INFO	Marionette enabled
console.warn: SearchSettings: "get: No settings file exists, new profile?" (new NotFoundError("Could not open the file at /tmp/rust_mozprofileEi2mV0/search.json.mozlz4", (void 0)))
1626865011306	Marionette	INFO	Listening on port 40961
1626865011380	Marionette	WARN	TLS certificate errors will be ignored for this session
JavaScript error: https://www.riachuelo.com.br/static/version1623357894/_cache/merged/2b20e903505601d51565e3e47f0b13df.min.js, line 16: Error: Script error for: RCHLO_Catalog/js/view/product/gallery
http://requirejs.org/docs/errors.html#scripterror
JavaScript error: https://www.riachuelo.com.br/static/version1623357894/_cache/merged/2b20e903505601d51565e3e47f0b13df.min.js, line 16: Error: Script error for: RCHLO_Catalog/js/view/product/details
http://requirejs.org/docs/errors.html#scripterror
JavaScript error: https://www.riachuelo.com.br/static/version1623357894/_cache/merged/2b20e903505601d51565e3e47f0b13df.min.js, line 16: Error: Script error for: RCHLO_Catalog/js/view/product/wishlist
http://requirejs.org/docs/errors.html#scripterror
JavaScript error: https://www.riachuelo.com.br/static/version1623357894/_cache/merged/2b20e903505601d51565e3e47f0b13df.min.js, line 16: Error: Script error for: RCHLO_Catalog/js/view/product/button
http://requirejs.org/docs/errors.html#scripterror
JavaScript error: https://www.riachuelo.com.br/static/version1623357894/_cache/merged/2b20e903505601d51565e3e47f0b13df.min.js, line 16: Error: Script error for: RCHLO_Catalog/js/view/product/badge
http://requirejs.org/docs/errors.html#scripterror
JavaScript error: https://www.riachuelo.com.br/static/version1623357894/_cache/merged/2b20e903505601d51565e3e47f0b13df.min.js, line 16: Error: Script error for: RCHLO_Catalog/js/view/product/label
http://requirejs.org/docs/errors.html#scripterror
JavaScript error: https://www.riachuelo.com.br/static/version1623357894/_cache/merged/2b20e903505601d51565e3e47f0b13df.min.js, line 16: Error: Script error for: RCHLO_Catalog/js/view/product/promotional-tag
http://requirejs.org/docs/errors.html#scripterror
JavaScript error: https://www.riachuelo.com.br/static/version1623357894/_cache/merged/2b20e903505601d51565e3e47f0b13df.min.js, line 16: Error: Script error for: moment
http://requirejs.org/docs/errors.html#scripterror
JavaScript error: https://www.riachuelo.com.br/static/version1623357894/_cache/merged/2b20e903505601d51565e3e47f0b13df.min.js, line 16: Error: Script error for: RCHLO_Catalog/js/view/elements/select
http://requirejs.org/docs/errors.html#scripterror
JavaScript error: https://www.riachuelo.com.br/static/version1623357894/_cache/merged/2b20e903505601d51565e3e47f0b13df.min.js, line 16: Error: Script error for: RCHLO_Catalog/js/view/product-list/filters
http://requirejs.org/docs/errors.html#scripterror
JavaScript error: https://www.riachuelo.com.br/static/version1623357894/_cache/merged/2b20e903505601d51565e3e47f0b13df.min.js, line 16: Error: Script error for: globalCart
http://requirejs.org/docs/errors.html#scripterror
JavaScript error: https://www.riachuelo.com.br/static/version1623357894/_cache/merged/2b20e903505601d51565e3e47f0b13df.min.js, line 16: Error: Script error for: owlcarousel
http://requirejs.org/docs/errors.html#scripterror
JavaScript error: https://www.riachuelo.com.br/static/version1623357894/_cache/merged/2b20e903505601d51565e3e47f0b13df.min.js, line 16: Error: Script error for: embedVideo
http://requirejs.org/docs/errors.html#scripterror
JavaScript error: https://www.riachuelo.com.br/static/version1623357894/_cache/merged/2b20e903505601d51565e3e47f0b13df.min.js, line 16: Error: Script error for: login
http://requirejs.org/docs/errors.html#scripterror
JavaScript error: https://www.riachuelo.com.br/static/version1623357894/_cache/merged/2b20e903505601d51565e3e47f0b13df.min.js, line 16: Error: Script error for: jquery/jquery-ui-timepicker-addon
http://requirejs.org/docs/errors.html#scripterror
JavaScript error: https://www.riachuelo.com.br/static/version1623357894/_cache/merged/2b20e903505601d51565e3e47f0b13df.min.js, line 16: Error: Script error for: pageChecker
http://requirejs.org/docs/errors.html#scripterror
JavaScript error: https://www.riachuelo.com.br/static/version1623357894/_cache/merged/2b20e903505601d51565e3e47f0b13df.min.js, line 16: Error: Script error for: Magento_Ui/js/lib/view/utils/dom-observer
http://requirejs.org/docs/errors.html#scripterror
JavaScript error: https://www.riachuelo.com.br/static/version1623357894/_cache/merged/2b20e903505601d51565e3e47f0b13df.min.js, line 16: Error: Script error for: Magento_Ui/js/lib/view/utils/bindings
http://requirejs.org/docs/errors.html#scripterror
JavaScript error: https://www.riachuelo.com.br/static/version1623357894/_cache/merged/2b20e903505601d51565e3e47f0b13df.min.js, line 16: Error: Script error for: mage/utils/arrays
http://requirejs.org/docs/errors.html#scripterror
JavaScript error: https://www.riachuelo.com.br/static/version1623357894/_cache/merged/2b20e903505601d51565e3e47f0b13df.min.js, line 16: Error: Script error for: mage/utils/compare
http://requirejs.org/docs/errors.html#scripterror
JavaScript error: https://www.riachuelo.com.br/static/version1623357894/_cache/merged/2b20e903505601d51565e3e47f0b13df.min.js, line 16: Error: Script error for: mage/utils/misc
http://requirejs.org/docs/errors.html#scripterror
JavaScript error: https://www.riachuelo.com.br/static/version1623357894/_cache/merged/2b20e903505601d51565e3e47f0b13df.min.js, line 16: Error: Script error for: mage/utils/template
http://requirejs.org/docs/errors.html#scripterror
JavaScript error: https://www.riachuelo.com.br/static/version1623357894/_cache/merged/2b20e903505601d51565e3e47f0b13df.min.js, line 16: Error: Script error for: mage/utils/objects
http://requirejs.org/docs/errors.html#scripterror
JavaScript error: https://www.riachuelo.com.br/static/version1623357894/_cache/merged/2b20e903505601d51565e3e47f0b13df.min.js, line 16: Error: Script error for: mage/utils/strings
http://requirejs.org/docs/errors.html#scripterror
JavaScript error: https://www.riachuelo.com.br/static/version1623357894/_cache/merged/2b20e903505601d51565e3e47f0b13df.min.js, line 16: Error: Script error for: RCHLO_OnePageCheckout/js/action/address-by-zipcode
http://requirejs.org/docs/errors.html#scripterror
JavaScript error: https://www.riachuelo.com.br/static/version1623357894/_cache/merged/2b20e903505601d51565e3e47f0b13df.min.js, line 16: Error: Script error for: Magento_Ui/js/lib/core/element/links
http://requirejs.org/docs/errors.html#scripterror
JavaScript error: https://www.riachuelo.com.br/static/version1623357894/_cache/merged/2b20e903505601d51565e3e47f0b13df.min.js, line 16: Error: Script error for: Magento_Ui/js/lib/logger/entry
http://requirejs.org/docs/errors.html#scripterror
JavaScript error: , line 0: uncaught exception: Object
JavaScript error: resource://devtools/server/actors/network-monitor/network-event-actor.js, line 108: Error: Got a request https://www.gstatic.com/recaptcha/releases/Iwg4ANhK7Iu8SHToSsE0E20K/styles__ltr.css without a browsingContextID set
JavaScript error: resource://devtools/server/actors/network-monitor/network-event-actor.js, line 108: Error: Got a request https://www.gstatic.com/recaptcha/releases/Iwg4ANhK7Iu8SHToSsE0E20K/styles__ltr.css without a browsingContextID set
console.error: services.settings: 
  main/doh-config Signature failed  InvalidSignatureError: Invalid content signature (main/doh-config)
console.error: services.settings: 
  main/doh-config local data was corrupted
console.warn: services.settings: main/doh-config Signature verified failed. Retry from scratch
console.error: services.settings: 
  main/doh-providers Signature failed  InvalidSignatureError: Invalid content signature (main/doh-providers)
console.error: services.settings: 
  main/doh-providers local data was corrupted
console.warn: services.settings: main/doh-providers Signature verified failed. Retry from scratch
console.log: WebExtensions: reset-default-search: starting.
console.log: WebExtensions: reset-default-search: No addons in our list are installed.
1626866580840	Marionette	INFO	Stopped listening on port 40961

###!!! [Parent][RunMessage] Error: Channel closing: too late to send/recv, messages will be lost

